<?xml version="1.0" encoding="UTF-8"?>
<testng-results ignored="0" total="1" passed="1" failed="0" skipped="0">
  <reporter-output>
  </reporter-output>
  <suite started-at="2024-03-08T20:53:38 IST" name="OrangeHRMSuite" finished-at="2024-03-08T20:54:02 IST" duration-ms="24223">
    <groups>
    </groups>
    <test started-at="2024-03-08T20:53:38 IST" name="LoginPageTest" finished-at="2024-03-08T20:54:02 IST" duration-ms="24223">
      <class name="com.testClasses.testLoginPage">
        <test-method is-config="true" signature="setup(java.lang.String)[pri:0, instance:com.testClasses.testLoginPage@29215f06]" started-at="2024-03-08T20:53:32 IST" name="setup" finished-at="2024-03-08T20:53:38 IST" duration-ms="5657" status="PASS">
          <params>
            <param index="0">
              <value>
                <![CDATA[firefox]]>
              </value>
            </param>
          </params>
          <reporter-output>
          </reporter-output>
        </test-method> <!-- setup -->
        <test-method is-config="true" signature="launchLoginPage()[pri:0, instance:com.testClasses.testLoginPage@29215f06]" started-at="2024-03-08T20:53:38 IST" name="launchLoginPage" finished-at="2024-03-08T20:53:55 IST" duration-ms="17016" status="PASS">
          <reporter-output>
          </reporter-output>
        </test-method> <!-- launchLoginPage -->
        <test-method signature="testcase1()[pri:1, instance:com.testClasses.testLoginPage@29215f06]" started-at="2024-03-08T20:53:55 IST" name="testcase1" finished-at="2024-03-08T20:54:02 IST" duration-ms="7140" status="PASS">
          <reporter-output>
          </reporter-output>
        </test-method> <!-- testcase1 -->
        <test-method is-config="true" signature="endActivity()[pri:0, instance:com.testClasses.testLoginPage@29215f06]" started-at="2024-03-08T20:54:02 IST" name="endActivity" finished-at="2024-03-08T20:54:07 IST" duration-ms="5605" status="PASS">
          <reporter-output>
          </reporter-output>
        </test-method> <!-- endActivity -->
      </class> <!-- com.testClasses.testLoginPage -->
    </test> <!-- LoginPageTest -->
  </suite> <!-- OrangeHRMSuite -->
</testng-results>
